# JRE version: Java(TM) SE Runtime Environment (8.0_202-b08) (build 1.8.0_202-b08)
# Java VM: Java HotSpot(TM) 64-Bit Server VM (25.202-b08 mixed mode bsd-amd64 compressed oops)
Heap:
 PSYoungGen      total 610816K, used 379084K [0x0000000795580000, 0x00000007c0000000, 0x00000007c0000000)
  eden space 582656K, 60% used [0x0000000795580000,0x00000007aac3a5e0,0x00000007b8e80000)
  from space 28160K, 99% used [0x00000007b8e80000,0x00000007ba9f8a68,0x00000007baa00000)
  to   space 39936K, 0% used [0x00000007bd900000,0x00000007bd900000,0x00000007c0000000)
 ParOldGen       total 113664K, used 62111K [0x0000000740000000, 0x0000000746f00000, 0x0000000795580000)
  object space 113664K, 54% used [0x0000000740000000,0x0000000743ca7c40,0x0000000746f00000)
 Metaspace       used 33115K, capacity 33432K, committed 33920K, reserved 1079296K
  class space    used 4278K, capacity 4371K, committed 4480K, reserved 1048576K
GC Heap History (10 events):
Event: 19.598 GC heap before
{Heap before GC invocations=9 (full 1):
 PSYoungGen      total 253440K, used 252109K [0x0000000795580000, 0x00000007b1100000, 0x00000007c0000000)
  eden space 229888K, 100% used [0x0000000795580000,0x00000007a3600000,0x00000007a3600000)
  from space 23552K, 94% used [0x00000007a3600000,0x00000007a4bb3678,0x00000007a4d00000)
  to   space 27136K, 0% used [0x00000007af680000,0x00000007af680000,0x00000007b1100000)
 ParOldGen       total 61952K, used 32189K [0x0000000740000000, 0x0000000743c80000, 0x0000000795580000)
  object space 61952K, 51% used [0x0000000740000000,0x0000000741f6f4c0,0x0000000743c80000)
 Metaspace       used 24606K, capacity 24922K, committed 25216K, reserved 1071104K
  class space    used 3000K, capacity 3116K, committed 3200K, reserved 1048576K
Event: 19.616 GC heap after
Heap after GC invocations=9 (full 1):
 PSYoungGen      total 425472K, used 20389K [0x0000000795580000, 0x00000007b1400000, 0x00000007c0000000)
  eden space 398336K, 0% used [0x0000000795580000,0x0000000795580000,0x00000007ada80000)
  from space 27136K, 75% used [0x00000007af680000,0x00000007b0a696a0,0x00000007b1100000)
  to   space 28672K, 0% used [0x00000007ada80000,0x00000007ada80000,0x00000007af680000)
 ParOldGen       total 61952K, used 32197K [0x0000000740000000, 0x0000000743c80000, 0x0000000795580000)
  object space 61952K, 51% used [0x0000000740000000,0x0000000741f714c0,0x0000000743c80000)
 Metaspace       used 24606K, capacity 24922K, committed 25216K, reserved 1071104K
  class space    used 3000K, capacity 3116K, committed 3200K, reserved 1048576K
}
Event: 21.303 GC heap before
{Heap before GC invocations=10 (full 1):
 PSYoungGen      total 425472K, used 418725K [0x0000000795580000, 0x00000007b1400000, 0x00000007c0000000)
  eden space 398336K, 100% used [0x0000000795580000,0x00000007ada80000,0x00000007ada80000)
  from space 27136K, 75% used [0x00000007af680000,0x00000007b0a696a0,0x00000007b1100000)
  to   space 28672K, 0% used [0x00000007ada80000,0x00000007ada80000,0x00000007af680000)
 ParOldGen       total 61952K, used 32197K [0x0000000740000000, 0x0000000743c80000, 0x0000000795580000)
  object space 61952K, 51% used [0x0000000740000000,0x0000000741f714c0,0x0000000743c80000)
 Metaspace       used 25212K, capacity 25530K, committed 25728K, reserved 1071104K
  class space    used 3037K, capacity 3148K, committed 3200K, reserved 1048576K
Event: 21.411 GC heap after
Heap after GC invocations=10 (full 1):
 PSYoungGen      total 427008K, used 12392K [0x0000000795580000, 0x00000007bcc80000, 0x00000007c0000000)
  eden space 398336K, 0% used [0x0000000795580000,0x0000000795580000,0x00000007ada80000)
  from space 28672K, 43% used [0x00000007ada80000,0x00000007ae69a048,0x00000007af680000)
  to   space 27136K, 0% used [0x00000007bb200000,0x00000007bb200000,0x00000007bcc80000)
 ParOldGen       total 61952K, used 44721K [0x0000000740000000, 0x0000000743c80000, 0x0000000795580000)
  object space 61952K, 72% used [0x0000000740000000,0x0000000742bac4f0,0x0000000743c80000)
 Metaspace       used 25212K, capacity 25530K, committed 25728K, reserved 1071104K
  class space    used 3037K, capacity 3148K, committed 3200K, reserved 1048576K
}
Event: 21.412 GC heap before
{Heap before GC invocations=11 (full 2):
 PSYoungGen      total 427008K, used 12392K [0x0000000795580000, 0x00000007bcc80000, 0x00000007c0000000)
  eden space 398336K, 0% used [0x0000000795580000,0x0000000795580000,0x00000007ada80000)
  from space 28672K, 43% used [0x00000007ada80000,0x00000007ae69a048,0x00000007af680000)
  to   space 27136K, 0% used [0x00000007bb200000,0x00000007bb200000,0x00000007bcc80000)
 ParOldGen       total 61952K, used 44721K [0x0000000740000000, 0x0000000743c80000, 0x0000000795580000)
  object space 61952K, 72% used [0x0000000740000000,0x0000000742bac4f0,0x0000000743c80000)
 Metaspace       used 25212K, capacity 25530K, committed 25728K, reserved 1071104K
  class space    used 3037K, capacity 3148K, committed 3200K, reserved 1048576K
Event: 21.673 GC heap after
Heap after GC invocations=11 (full 2):
 PSYoungGen      total 427008K, used 0K [0x0000000795580000, 0x00000007bcc80000, 0x00000007c0000000)
  eden space 398336K, 0% used [0x0000000795580000,0x0000000795580000,0x00000007ada80000)
  from space 28672K, 0% used [0x00000007ada80000,0x00000007ada80000,0x00000007af680000)
  to   space 27136K, 0% used [0x00000007bb200000,0x00000007bb200000,0x00000007bcc80000)
 ParOldGen       total 113664K, used 39315K [0x0000000740000000, 0x0000000746f00000, 0x0000000795580000)
  object space 113664K, 34% used [0x0000000740000000,0x0000000742664ef8,0x0000000746f00000)
 Metaspace       used 25212K, capacity 25530K, committed 25728K, reserved 1071104K
  class space    used 3037K, capacity 3148K, committed 3200K, reserved 1048576K
}
Event: 24.206 GC heap before
{Heap before GC invocations=12 (full 2):
 PSYoungGen      total 427008K, used 398336K [0x0000000795580000, 0x00000007bcc80000, 0x00000007c0000000)
  eden space 398336K, 100% used [0x0000000795580000,0x00000007ada80000,0x00000007ada80000)
  from space 28672K, 0% used [0x00000007ada80000,0x00000007ada80000,0x00000007af680000)
  to   space 27136K, 0% used [0x00000007bb200000,0x00000007bb200000,0x00000007bcc80000)
 ParOldGen       total 113664K, used 39315K [0x0000000740000000, 0x0000000746f00000, 0x0000000795580000)
  object space 113664K, 34% used [0x0000000740000000,0x0000000742664ef8,0x0000000746f00000)
 Metaspace       used 25990K, capacity 26310K, committed 26624K, reserved 1073152K
  class space    used 3096K, capacity 3214K, committed 3328K, reserved 1048576K
Event: 24.229 GC heap after
Heap after GC invocations=12 (full 2):
 PSYoungGen      total 566784K, used 19659K [0x0000000795580000, 0x00000007bc580000, 0x00000007c0000000)
  eden space 546816K, 0% used [0x0000000795580000,0x0000000795580000,0x00000007b6b80000)
  from space 19968K, 98% used [0x00000007bb200000,0x00000007bc532fc0,0x00000007bc580000)
  to   space 28160K, 0% used [0x00000007b8e80000,0x00000007b8e80000,0x00000007baa00000)
 ParOldGen       total 113664K, used 39323K [0x0000000740000000, 0x0000000746f00000, 0x0000000795580000)
  object space 113664K, 34% used [0x0000000740000000,0x0000000742666ef8,0x0000000746f00000)
 Metaspace       used 25990K, capacity 26310K, committed 26624K, reserved 1073152K
  class space    used 3096K, capacity 3214K, committed 3328K, reserved 1048576K
}
Event: 27.420 GC heap before
{Heap before GC invocations=13 (full 2):
 PSYoungGen      total 566784K, used 566475K [0x0000000795580000, 0x00000007bc580000, 0x00000007c0000000)
  eden space 546816K, 100% used [0x0000000795580000,0x00000007b6b80000,0x00000007b6b80000)
  from space 19968K, 98% used [0x00000007bb200000,0x00000007bc532fc0,0x00000007bc580000)
  to   space 28160K, 0% used [0x00000007b8e80000,0x00000007b8e80000,0x00000007baa00000)
 ParOldGen       total 113664K, used 39323K [0x0000000740000000, 0x0000000746f00000, 0x0000000795580000)
  object space 113664K, 34% used [0x0000000740000000,0x0000000742666ef8,0x0000000746f00000)
 Metaspace       used 29898K, capacity 30260K, committed 30464K, reserved 1075200K
  class space    used 3726K, capacity 3825K, committed 3840K, reserved 1048576K
Event: 27.493 GC heap after
Heap after GC invocations=13 (full 2):
 PSYoungGen      total 610816K, used 28130K [0x0000000795580000, 0x00000007c0000000, 0x00000007c0000000)
  eden space 582656K, 0% used [0x0000000795580000,0x0000000795580000,0x00000007b8e80000)
  from space 28160K, 99% used [0x00000007b8e80000,0x00000007ba9f8a68,0x00000007baa00000)
  to   space 39936K, 0% used [0x00000007bd900000,0x00000007bd900000,0x00000007c0000000)
 ParOldGen       total 113664K, used 62111K [0x0000000740000000, 0x0000000746f00000, 0x0000000795580000)
  object space 113664K, 54% used [0x0000000740000000,0x0000000743ca7c40,0x0000000746f00000)
 Metaspace       used 29898K, capacity 30260K, committed 30464K, reserved 1075200K
  class space    used 3726K, capacity 3825K, committed 3840K, reserved 1048576K
}

