# JRE version: Java(TM) SE Runtime Environment (8.0_202-b08) (build 1.8.0_202-b08)
# Java VM: Java HotSpot(TM) 64-Bit Server VM (25.202-b08 mixed mode bsd-amd64 compressed oops)
Heap:
 PSYoungGen      total 564224K, used 182509K [0x0000000795580000, 0x00000007c0000000, 0x00000007c0000000)
  eden space 504320K, 24% used [0x0000000795580000,0x000000079cd73fb0,0x00000007b4200000)
  from space 59904K, 99% used [0x00000007b4200000,0x00000007b7c477a0,0x00000007b7c80000)
  to   space 100352K, 0% used [0x00000007b9e00000,0x00000007b9e00000,0x00000007c0000000)
 ParOldGen       total 454144K, used 290278K [0x0000000740000000, 0x000000075bb80000, 0x0000000795580000)
  object space 454144K, 63% used [0x0000000740000000,0x0000000751b79be0,0x000000075bb80000)
 Metaspace       used 59230K, capacity 60499K, committed 60800K, reserved 1101824K
  class space    used 7134K, capacity 7438K, committed 7552K, reserved 1048576K
GC Heap History (10 events):
Event: 97.374 GC heap before
{Heap before GC invocations=31 (full 8):
 PSYoungGen      total 618496K, used 533966K [0x0000000795580000, 0x00000007c0000000, 0x00000007c0000000)
  eden space 538112K, 99% used [0x0000000795580000,0x00000007b5ef3b50,0x00000007b6300000)
  from space 80384K, 0% used [0x00000007b6300000,0x00000007b6300000,0x00000007bb180000)
  to   space 77312K, 0% used [0x00000007bb480000,0x00000007bb480000,0x00000007c0000000)
 ParOldGen       total 290304K, used 279092K [0x0000000740000000, 0x0000000751b80000, 0x0000000795580000)
  object space 290304K, 96% used [0x0000000740000000,0x000000075108d370,0x0000000751b80000)
 Metaspace       used 57892K, capacity 59207K, committed 59392K, reserved 1101824K
  class space    used 7098K, capacity 7400K, committed 7424K, reserved 1048576K
Event: 97.857 GC heap after
Heap after GC invocations=31 (full 8):
 PSYoungGen      total 618496K, used 41726K [0x0000000795580000, 0x00000007c0000000, 0x00000007c0000000)
  eden space 538112K, 7% used [0x0000000795580000,0x0000000797e3fbb8,0x00000007b6300000)
  from space 80384K, 0% used [0x00000007b6300000,0x00000007b6300000,0x00000007bb180000)
  to   space 77312K, 0% used [0x00000007bb480000,0x00000007bb480000,0x00000007c0000000)
 ParOldGen       total 454144K, used 290254K [0x0000000740000000, 0x000000075bb80000, 0x0000000795580000)
  object space 454144K, 63% used [0x0000000740000000,0x0000000751b73be0,0x000000075bb80000)
 Metaspace       used 57890K, capacity 59201K, committed 59392K, reserved 1101824K
  class space    used 7097K, capacity 7399K, committed 7424K, reserved 1048576K
}
Event: 102.496 GC heap before
{Heap before GC invocations=32 (full 8):
 PSYoungGen      total 618496K, used 538112K [0x0000000795580000, 0x00000007c0000000, 0x00000007c0000000)
  eden space 538112K, 100% used [0x0000000795580000,0x00000007b6300000,0x00000007b6300000)
  from space 80384K, 0% used [0x00000007b6300000,0x00000007b6300000,0x00000007bb180000)
  to   space 77312K, 0% used [0x00000007bb480000,0x00000007bb480000,0x00000007c0000000)
 ParOldGen       total 454144K, used 290254K [0x0000000740000000, 0x000000075bb80000, 0x0000000795580000)
  object space 454144K, 63% used [0x0000000740000000,0x0000000751b73be0,0x000000075bb80000)
 Metaspace       used 58379K, capacity 59667K, committed 59904K, reserved 1101824K
  class space    used 7104K, capacity 7402K, committed 7424K, reserved 1048576K
Event: 102.661 GC heap after
Heap after GC invocations=32 (full 8):
 PSYoungGen      total 607232K, used 59798K [0x0000000795580000, 0x00000007c0000000, 0x00000007c0000000)
  eden space 529920K, 0% used [0x0000000795580000,0x0000000795580000,0x00000007b5b00000)
  from space 77312K, 77% used [0x00000007bb480000,0x00000007beee5aa8,0x00000007c0000000)
  to   space 84480K, 0% used [0x00000007b5b00000,0x00000007b5b00000,0x00000007bad80000)
 ParOldGen       total 454144K, used 290262K [0x0000000740000000, 0x000000075bb80000, 0x0000000795580000)
  object space 454144K, 63% used [0x0000000740000000,0x0000000751b75be0,0x000000075bb80000)
 Metaspace       used 58379K, capacity 59667K, committed 59904K, reserved 1101824K
  class space    used 7104K, capacity 7402K, committed 7424K, reserved 1048576K
}
Event: 113.614 GC heap before
{Heap before GC invocations=33 (full 8):
 PSYoungGen      total 607232K, used 589718K [0x0000000795580000, 0x00000007c0000000, 0x00000007c0000000)
  eden space 529920K, 100% used [0x0000000795580000,0x00000007b5b00000,0x00000007b5b00000)
  from space 77312K, 77% used [0x00000007bb480000,0x00000007beee5aa8,0x00000007c0000000)
  to   space 84480K, 0% used [0x00000007b5b00000,0x00000007b5b00000,0x00000007bad80000)
 ParOldGen       total 454144K, used 290262K [0x0000000740000000, 0x000000075bb80000, 0x0000000795580000)
  object space 454144K, 63% used [0x0000000740000000,0x0000000751b75be0,0x000000075bb80000)
 Metaspace       used 58589K, capacity 59923K, committed 60160K, reserved 1101824K
  class space    used 7104K, capacity 7402K, committed 7424K, reserved 1048576K
Event: 113.752 GC heap after
Heap after GC invocations=33 (full 8):
 PSYoungGen      total 592384K, used 62424K [0x0000000795580000, 0x00000007c0000000, 0x00000007c0000000)
  eden space 529920K, 0% used [0x0000000795580000,0x0000000795580000,0x00000007b5b00000)
  from space 62464K, 99% used [0x00000007b5b00000,0x00000007b97f62e8,0x00000007b9800000)
  to   space 91648K, 0% used [0x00000007ba680000,0x00000007ba680000,0x00000007c0000000)
 ParOldGen       total 454144K, used 290270K [0x0000000740000000, 0x000000075bb80000, 0x0000000795580000)
  object space 454144K, 63% used [0x0000000740000000,0x0000000751b77be0,0x000000075bb80000)
 Metaspace       used 58589K, capacity 59923K, committed 60160K, reserved 1101824K
  class space    used 7104K, capacity 7402K, committed 7424K, reserved 1048576K
}
Event: 130.234 GC heap before
{Heap before GC invocations=34 (full 8):
 PSYoungGen      total 592384K, used 592344K [0x0000000795580000, 0x00000007c0000000, 0x00000007c0000000)
  eden space 529920K, 100% used [0x0000000795580000,0x00000007b5b00000,0x00000007b5b00000)
  from space 62464K, 99% used [0x00000007b5b00000,0x00000007b97f62e8,0x00000007b9800000)
  to   space 91648K, 0% used [0x00000007ba680000,0x00000007ba680000,0x00000007c0000000)
 ParOldGen       total 454144K, used 290270K [0x0000000740000000, 0x000000075bb80000, 0x0000000795580000)
  object space 454144K, 63% used [0x0000000740000000,0x0000000751b77be0,0x000000075bb80000)
 Metaspace       used 58902K, capacity 60231K, committed 60544K, reserved 1101824K
  class space    used 7115K, capacity 7436K, committed 7552K, reserved 1048576K
Event: 130.337 GC heap after
Heap after GC invocations=34 (full 8):
 PSYoungGen      total 595968K, used 64274K [0x0000000795580000, 0x00000007c0000000, 0x00000007c0000000)
  eden space 504320K, 0% used [0x0000000795580000,0x0000000795580000,0x00000007b4200000)
  from space 91648K, 70% used [0x00000007ba680000,0x00000007be544980,0x00000007c0000000)
  to   space 97280K, 0% used [0x00000007b4200000,0x00000007b4200000,0x00000007ba100000)
 ParOldGen       total 454144K, used 290278K [0x0000000740000000, 0x000000075bb80000, 0x0000000795580000)
  object space 454144K, 63% used [0x0000000740000000,0x0000000751b79be0,0x000000075bb80000)
 Metaspace       used 58902K, capacity 60231K, committed 60544K, reserved 1101824K
  class space    used 7115K, capacity 7436K, committed 7552K, reserved 1048576K
}
Event: 148.884 GC heap before
{Heap before GC invocations=35 (full 8):
 PSYoungGen      total 595968K, used 568594K [0x0000000795580000, 0x00000007c0000000, 0x00000007c0000000)
  eden space 504320K, 100% used [0x0000000795580000,0x00000007b4200000,0x00000007b4200000)
  from space 91648K, 70% used [0x00000007ba680000,0x00000007be544980,0x00000007c0000000)
  to   space 97280K, 0% used [0x00000007b4200000,0x00000007b4200000,0x00000007ba100000)
 ParOldGen       total 454144K, used 290278K [0x0000000740000000, 0x000000075bb80000, 0x0000000795580000)
  object space 454144K, 63% used [0x0000000740000000,0x0000000751b79be0,0x000000075bb80000)
 Metaspace       used 59070K, capacity 60359K, committed 60544K, reserved 1101824K
  class space    used 7121K, capacity 7436K, committed 7552K, reserved 1048576K
Event: 149.023 GC heap after
Heap after GC invocations=35 (full 8):
 PSYoungGen      total 564224K, used 59677K [0x0000000795580000, 0x00000007c0000000, 0x00000007c0000000)
  eden space 504320K, 0% used [0x0000000795580000,0x0000000795580000,0x00000007b4200000)
  from space 59904K, 99% used [0x00000007b4200000,0x00000007b7c477a0,0x00000007b7c80000)
  to   space 100352K, 0% used [0x00000007b9e00000,0x00000007b9e00000,0x00000007c0000000)
 ParOldGen       total 454144K, used 290278K [0x0000000740000000, 0x000000075bb80000, 0x0000000795580000)
  object space 454144K, 63% used [0x0000000740000000,0x0000000751b79be0,0x000000075bb80000)
 Metaspace       used 59070K, capacity 60359K, committed 60544K, reserved 1101824K
  class space    used 7121K, capacity 7436K, committed 7552K, reserved 1048576K
}

