# JRE version: Java(TM) SE Runtime Environment (8.0_202-b08) (build 1.8.0_202-b08)
# Java VM: Java HotSpot(TM) 64-Bit Server VM (25.202-b08 mixed mode bsd-amd64 compressed oops)
Heap:
 PSYoungGen      total 480768K, used 42560K [0x0000000795580000, 0x00000007bfa80000, 0x00000007c0000000)
  eden space 461312K, 5% used [0x0000000795580000,0x0000000796c54c10,0x00000007b1800000)
  from space 19456K, 98% used [0x00000007b1800000,0x00000007b2abb580,0x00000007b2b00000)
  to   space 115712K, 0% used [0x00000007b8980000,0x00000007b8980000,0x00000007bfa80000)
 ParOldGen       total 491520K, used 336466K [0x0000000740000000, 0x000000075e000000, 0x0000000795580000)
  object space 491520K, 68% used [0x0000000740000000,0x00000007548949e8,0x000000075e000000)
 Metaspace       used 59548K, capacity 60867K, committed 61056K, reserved 1103872K
  class space    used 7147K, capacity 7448K, committed 7552K, reserved 1048576K
GC Heap History (10 events):
Event: 257.144 GC heap before
{Heap before GC invocations=47 (full 8):
 PSYoungGen      total 585728K, used 14619K [0x0000000795580000, 0x00000007c0000000, 0x00000007c0000000)
  eden space 479744K, 0% used [0x0000000795580000,0x0000000795580000,0x00000007b2a00000)
  from space 105984K, 13% used [0x00000007b2a00000,0x00000007b3846d90,0x00000007b9180000)
  to   space 110592K, 0% used [0x00000007b9400000,0x00000007b9400000,0x00000007c0000000)
 ParOldGen       total 336384K, used 335007K [0x0000000740000000, 0x0000000754880000, 0x0000000795580000)
  object space 336384K, 99% used [0x0000000740000000,0x0000000754727f90,0x0000000754880000)
 Metaspace       used 59294K, capacity 60599K, committed 60800K, reserved 1101824K
  class space    used 7134K, capacity 7446K, committed 7552K, reserved 1048576K
Event: 257.802 GC heap after
Heap after GC invocations=47 (full 8):
 PSYoungGen      total 585728K, used 667K [0x0000000795580000, 0x00000007c0000000, 0x00000007c0000000)
  eden space 479744K, 0% used [0x0000000795580000,0x0000000795580000,0x00000007b2a00000)
  from space 105984K, 0% used [0x00000007b2a00000,0x00000007b2aa6d20,0x00000007b9180000)
  to   space 110592K, 0% used [0x00000007b9400000,0x00000007b9400000,0x00000007c0000000)
 ParOldGen       total 491520K, used 335939K [0x0000000740000000, 0x000000075e000000, 0x0000000795580000)
  object space 491520K, 68% used [0x0000000740000000,0x0000000754810c98,0x000000075e000000)
 Metaspace       used 59292K, capacity 60593K, committed 60800K, reserved 1101824K
  class space    used 7133K, capacity 7445K, committed 7552K, reserved 1048576K
}
Event: 264.348 GC heap before
{Heap before GC invocations=48 (full 8):
 PSYoungGen      total 585728K, used 480411K [0x0000000795580000, 0x00000007c0000000, 0x00000007c0000000)
  eden space 479744K, 100% used [0x0000000795580000,0x00000007b2a00000,0x00000007b2a00000)
  from space 105984K, 0% used [0x00000007b2a00000,0x00000007b2aa6d20,0x00000007b9180000)
  to   space 110592K, 0% used [0x00000007b9400000,0x00000007b9400000,0x00000007c0000000)
 ParOldGen       total 491520K, used 335939K [0x0000000740000000, 0x000000075e000000, 0x0000000795580000)
  object space 491520K, 68% used [0x0000000740000000,0x0000000754810c98,0x000000075e000000)
 Metaspace       used 59297K, capacity 60599K, committed 60800K, reserved 1101824K
  class space    used 7134K, capacity 7446K, committed 7552K, reserved 1048576K
Event: 264.470 GC heap after
Heap after GC invocations=48 (full 8):
 PSYoungGen      total 578048K, used 1531K [0x0000000795580000, 0x00000007c0000000, 0x00000007c0000000)
  eden space 467456K, 0% used [0x0000000795580000,0x0000000795580000,0x00000007b1e00000)
  from space 110592K, 1% used [0x00000007b9400000,0x00000007b957edd0,0x00000007c0000000)
  to   space 115712K, 0% used [0x00000007b1e00000,0x00000007b1e00000,0x00000007b8f00000)
 ParOldGen       total 491520K, used 336011K [0x0000000740000000, 0x000000075e000000, 0x0000000795580000)
  object space 491520K, 68% used [0x0000000740000000,0x0000000754822c98,0x000000075e000000)
 Metaspace       used 59297K, capacity 60599K, committed 60800K, reserved 1101824K
  class space    used 7134K, capacity 7446K, committed 7552K, reserved 1048576K
}
Event: 271.135 GC heap before
{Heap before GC invocations=49 (full 8):
 PSYoungGen      total 578048K, used 468987K [0x0000000795580000, 0x00000007c0000000, 0x00000007c0000000)
  eden space 467456K, 100% used [0x0000000795580000,0x00000007b1e00000,0x00000007b1e00000)
  from space 110592K, 1% used [0x00000007b9400000,0x00000007b957edd0,0x00000007c0000000)
  to   space 115712K, 0% used [0x00000007b1e00000,0x00000007b1e00000,0x00000007b8f00000)
 ParOldGen       total 491520K, used 336011K [0x0000000740000000, 0x000000075e000000, 0x0000000795580000)
  object space 491520K, 68% used [0x0000000740000000,0x0000000754822c98,0x000000075e000000)
 Metaspace       used 59307K, capacity 60599K, committed 60800K, reserved 1101824K
  class space    used 7134K, capacity 7446K, committed 7552K, reserved 1048576K
Event: 271.202 GC heap after
Heap after GC invocations=49 (full 8):
 PSYoungGen      total 470016K, used 2051K [0x0000000795580000, 0x00000007c0000000, 0x00000007c0000000)
  eden space 467456K, 0% used [0x0000000795580000,0x0000000795580000,0x00000007b1e00000)
  from space 2560K, 80% used [0x00000007b1e00000,0x00000007b2000cd0,0x00000007b2080000)
  to   space 118272K, 0% used [0x00000007b8c80000,0x00000007b8c80000,0x00000007c0000000)
 ParOldGen       total 491520K, used 336242K [0x0000000740000000, 0x000000075e000000, 0x0000000795580000)
  object space 491520K, 68% used [0x0000000740000000,0x000000075485c958,0x000000075e000000)
 Metaspace       used 59307K, capacity 60599K, committed 60800K, reserved 1101824K
  class space    used 7134K, capacity 7446K, committed 7552K, reserved 1048576K
}
Event: 281.812 GC heap before
{Heap before GC invocations=50 (full 8):
 PSYoungGen      total 470016K, used 469507K [0x0000000795580000, 0x00000007c0000000, 0x00000007c0000000)
  eden space 467456K, 100% used [0x0000000795580000,0x00000007b1e00000,0x00000007b1e00000)
  from space 2560K, 80% used [0x00000007b1e00000,0x00000007b2000cd0,0x00000007b2080000)
  to   space 118272K, 0% used [0x00000007b8c80000,0x00000007b8c80000,0x00000007c0000000)
 ParOldGen       total 491520K, used 336242K [0x0000000740000000, 0x000000075e000000, 0x0000000795580000)
  object space 491520K, 68% used [0x0000000740000000,0x000000075485c958,0x000000075e000000)
 Metaspace       used 59321K, capacity 60599K, committed 60800K, reserved 1101824K
  class space    used 7134K, capacity 7446K, committed 7552K, reserved 1048576K
Event: 281.888 GC heap after
Heap after GC invocations=50 (full 8):
 PSYoungGen      total 579584K, used 7616K [0x0000000795580000, 0x00000007c0000000, 0x00000007c0000000)
  eden space 461312K, 0% used [0x0000000795580000,0x0000000795580000,0x00000007b1800000)
  from space 118272K, 6% used [0x00000007b8c80000,0x00000007b93f0110,0x00000007c0000000)
  to   space 118784K, 0% used [0x00000007b1800000,0x00000007b1800000,0x00000007b8c00000)
 ParOldGen       total 491520K, used 336418K [0x0000000740000000, 0x000000075e000000, 0x0000000795580000)
  object space 491520K, 68% used [0x0000000740000000,0x00000007548889c8,0x000000075e000000)
 Metaspace       used 59321K, capacity 60599K, committed 60800K, reserved 1101824K
  class space    used 7134K, capacity 7446K, committed 7552K, reserved 1048576K
}
Event: 293.973 GC heap before
{Heap before GC invocations=51 (full 8):
 PSYoungGen      total 579584K, used 468928K [0x0000000795580000, 0x00000007c0000000, 0x00000007c0000000)
  eden space 461312K, 100% used [0x0000000795580000,0x00000007b1800000,0x00000007b1800000)
  from space 118272K, 6% used [0x00000007b8c80000,0x00000007b93f0110,0x00000007c0000000)
  to   space 118784K, 0% used [0x00000007b1800000,0x00000007b1800000,0x00000007b8c00000)
 ParOldGen       total 491520K, used 336418K [0x0000000740000000, 0x000000075e000000, 0x0000000795580000)
  object space 491520K, 68% used [0x0000000740000000,0x00000007548889c8,0x000000075e000000)
 Metaspace       used 59548K, capacity 60867K, committed 61056K, reserved 1103872K
  class space    used 7147K, capacity 7448K, committed 7552K, reserved 1048576K
Event: 294.068 GC heap after
Heap after GC invocations=51 (full 8):
 PSYoungGen      total 480768K, used 19181K [0x0000000795580000, 0x00000007bfa80000, 0x00000007c0000000)
  eden space 461312K, 0% used [0x0000000795580000,0x0000000795580000,0x00000007b1800000)
  from space 19456K, 98% used [0x00000007b1800000,0x00000007b2abb580,0x00000007b2b00000)
  to   space 115712K, 0% used [0x00000007b8980000,0x00000007b8980000,0x00000007bfa80000)
 ParOldGen       total 491520K, used 336466K [0x0000000740000000, 0x000000075e000000, 0x0000000795580000)
  object space 491520K, 68% used [0x0000000740000000,0x00000007548949e8,0x000000075e000000)
 Metaspace       used 59548K, capacity 60867K, committed 61056K, reserved 1103872K
  class space    used 7147K, capacity 7448K, committed 7552K, reserved 1048576K
}

