# JRE version: OpenJDK Runtime Environment (8.0_312-b07) (build 1.8.0_312-b07)
# Java VM: OpenJDK 64-Bit Server VM (25.312-b07 mixed mode windows-amd64 compressed oops)
Heap:
 PSYoungGen      total 1166336K, used 1051959K [0x000000076af80000, 0x00000007c0000000, 0x00000007c0000000)
  eden space 1094144K, 96% used [0x000000076af80000,0x00000007ab2cdef8,0x00000007adc00000)
  from space 72192K, 0% used [0x00000007b2300000,0x00000007b2300000,0x00000007b6980000)
  to   space 72704K, 0% used [0x00000007adc00000,0x00000007adc00000,0x00000007b2300000)
 ParOldGen       total 226816K, used 105168K [0x00000006c0e00000, 0x00000006ceb80000, 0x000000076af80000)
  object space 226816K, 46% used [0x00000006c0e00000,0x00000006c74b43b0,0x00000006ceb80000)
 Metaspace       used 38806K, capacity 39063K, committed 39592K, reserved 1083392K
  class space    used 4859K, capacity 4937K, committed 5040K, reserved 1048576K
GC Heap History (10 events):
Event: 7.052 GC heap before
{Heap before GC invocations=11 (full 2):
 PSYoungGen      total 520192K, used 484864K [0x000000076af80000, 0x000000078cf80000, 0x00000007c0000000)
  eden space 484864K, 100% used [0x000000076af80000,0x0000000788900000,0x0000000788900000)
  from space 35328K, 0% used [0x000000078ac00000,0x000000078ac00000,0x000000078ce80000)
  to   space 35840K, 0% used [0x0000000788900000,0x0000000788900000,0x000000078ac00000)
 ParOldGen       total 136192K, used 47742K [0x00000006c0e00000, 0x00000006c9300000, 0x000000076af80000)
  object space 136192K, 35% used [0x00000006c0e00000,0x00000006c3c9fbe0,0x00000006c9300000)
 Metaspace       used 24275K, capacity 24544K, committed 24752K, reserved 1071104K
  class space    used 3102K, capacity 3207K, committed 3248K, reserved 1048576K
Event: 7.077 GC heap after
Heap after GC invocations=11 (full 2):
 PSYoungGen      total 520704K, used 33454K [0x000000076af80000, 0x00000007a7880000, 0x00000007c0000000)
  eden space 484864K, 0% used [0x000000076af80000,0x000000076af80000,0x0000000788900000)
  from space 35840K, 93% used [0x0000000788900000,0x000000078a9abba0,0x000000078ac00000)
  to   space 39424K, 0% used [0x00000007a5200000,0x00000007a5200000,0x00000007a7880000)
 ParOldGen       total 136192K, used 47750K [0x00000006c0e00000, 0x00000006c9300000, 0x000000076af80000)
  object space 136192K, 35% used [0x00000006c0e00000,0x00000006c3ca1be0,0x00000006c9300000)
 Metaspace       used 24275K, capacity 24544K, committed 24752K, reserved 1071104K
  class space    used 3102K, capacity 3207K, committed 3248K, reserved 1048576K
}
Event: 11.086 GC heap before
{Heap before GC invocations=12 (full 2):
 PSYoungGen      total 520704K, used 518318K [0x000000076af80000, 0x00000007a7880000, 0x00000007c0000000)
  eden space 484864K, 100% used [0x000000076af80000,0x0000000788900000,0x0000000788900000)
  from space 35840K, 93% used [0x0000000788900000,0x000000078a9abba0,0x000000078ac00000)
  to   space 39424K, 0% used [0x00000007a5200000,0x00000007a5200000,0x00000007a7880000)
 ParOldGen       total 136192K, used 47750K [0x00000006c0e00000, 0x00000006c9300000, 0x000000076af80000)
  object space 136192K, 35% used [0x00000006c0e00000,0x00000006c3ca1be0,0x00000006c9300000)
 Metaspace       used 30370K, capacity 30631K, committed 30896K, reserved 1077248K
  class space    used 3842K, capacity 3945K, committed 4016K, reserved 1048576K
Event: 11.114 GC heap after
Heap after GC invocations=12 (full 2):
 PSYoungGen      total 773120K, used 39421K [0x000000076af80000, 0x00000007a7880000, 0x00000007c0000000)
  eden space 733696K, 0% used [0x000000076af80000,0x000000076af80000,0x0000000797c00000)
  from space 39424K, 99% used [0x00000007a5200000,0x00000007a787f530,0x00000007a7880000)
  to   space 50688K, 0% used [0x00000007a1580000,0x00000007a1580000,0x00000007a4700000)
 ParOldGen       total 136192K, used 64862K [0x00000006c0e00000, 0x00000006c9300000, 0x000000076af80000)
  object space 136192K, 47% used [0x00000006c0e00000,0x00000006c4d57950,0x00000006c9300000)
 Metaspace       used 30370K, capacity 30631K, committed 30896K, reserved 1077248K
  class space    used 3842K, capacity 3945K, committed 4016K, reserved 1048576K
}
Event: 15.543 GC heap before
{Heap before GC invocations=13 (full 2):
 PSYoungGen      total 773120K, used 773117K [0x000000076af80000, 0x00000007a7880000, 0x00000007c0000000)
  eden space 733696K, 100% used [0x000000076af80000,0x0000000797c00000,0x0000000797c00000)
  from space 39424K, 99% used [0x00000007a5200000,0x00000007a787f530,0x00000007a7880000)
  to   space 50688K, 0% used [0x00000007a1580000,0x00000007a1580000,0x00000007a4700000)
 ParOldGen       total 136192K, used 64862K [0x00000006c0e00000, 0x00000006c9300000, 0x000000076af80000)
  object space 136192K, 47% used [0x00000006c0e00000,0x00000006c4d57950,0x00000006c9300000)
 Metaspace       used 34532K, capacity 34789K, committed 35248K, reserved 1079296K
  class space    used 4357K, capacity 4472K, committed 4528K, reserved 1048576K
Event: 15.595 GC heap after
Heap after GC invocations=13 (full 2):
 PSYoungGen      total 941568K, used 50674K [0x000000076af80000, 0x00000007b6980000, 0x00000007c0000000)
  eden space 890880K, 0% used [0x000000076af80000,0x000000076af80000,0x00000007a1580000)
  from space 50688K, 99% used [0x00000007a1580000,0x00000007a46fcbf0,0x00000007a4700000)
  to   space 72192K, 0% used [0x00000007b2300000,0x00000007b2300000,0x00000007b6980000)
 ParOldGen       total 136192K, used 104049K [0x00000006c0e00000, 0x00000006c9300000, 0x000000076af80000)
  object space 136192K, 76% used [0x00000006c0e00000,0x00000006c739c4f0,0x00000006c9300000)
 Metaspace       used 34532K, capacity 34789K, committed 35248K, reserved 1079296K
  class space    used 4357K, capacity 4472K, committed 4528K, reserved 1048576K
}
Event: 17.159 GC heap before
{Heap before GC invocations=14 (full 2):
 PSYoungGen      total 941568K, used 404013K [0x000000076af80000, 0x00000007b6980000, 0x00000007c0000000)
  eden space 890880K, 39% used [0x000000076af80000,0x000000078088e8a8,0x00000007a1580000)
  from space 50688K, 99% used [0x00000007a1580000,0x00000007a46fcbf0,0x00000007a4700000)
  to   space 72192K, 0% used [0x00000007b2300000,0x00000007b2300000,0x00000007b6980000)
 ParOldGen       total 136192K, used 104049K [0x00000006c0e00000, 0x00000006c9300000, 0x000000076af80000)
  object space 136192K, 76% used [0x00000006c0e00000,0x00000006c739c4f0,0x00000006c9300000)
 Metaspace       used 34957K, capacity 35179K, committed 35496K, reserved 1081344K
  class space    used 4378K, capacity 4473K, committed 4528K, reserved 1048576K
Event: 17.172 GC heap after
Heap after GC invocations=14 (full 2):
 PSYoungGen      total 1166336K, used 6452K [0x000000076af80000, 0x00000007c0000000, 0x00000007c0000000)
  eden space 1094144K, 0% used [0x000000076af80000,0x000000076af80000,0x00000007adc00000)
  from space 72192K, 8% used [0x00000007b2300000,0x00000007b294d220,0x00000007b6980000)
  to   space 72704K, 0% used [0x00000007adc00000,0x00000007adc00000,0x00000007b2300000)
 ParOldGen       total 136192K, used 128424K [0x00000006c0e00000, 0x00000006c9300000, 0x000000076af80000)
  object space 136192K, 94% used [0x00000006c0e00000,0x00000006c8b6a288,0x00000006c9300000)
 Metaspace       used 34957K, capacity 35179K, committed 35496K, reserved 1081344K
  class space    used 4378K, capacity 4473K, committed 4528K, reserved 1048576K
}
Event: 17.172 GC heap before
{Heap before GC invocations=15 (full 3):
 PSYoungGen      total 1166336K, used 6452K [0x000000076af80000, 0x00000007c0000000, 0x00000007c0000000)
  eden space 1094144K, 0% used [0x000000076af80000,0x000000076af80000,0x00000007adc00000)
  from space 72192K, 8% used [0x00000007b2300000,0x00000007b294d220,0x00000007b6980000)
  to   space 72704K, 0% used [0x00000007adc00000,0x00000007adc00000,0x00000007b2300000)
 ParOldGen       total 136192K, used 128424K [0x00000006c0e00000, 0x00000006c9300000, 0x000000076af80000)
  object space 136192K, 94% used [0x00000006c0e00000,0x00000006c8b6a288,0x00000006c9300000)
 Metaspace       used 34957K, capacity 35179K, committed 35496K, reserved 1081344K
  class space    used 4378K, capacity 4473K, committed 4528K, reserved 1048576K
Event: 17.363 GC heap after
Heap after GC invocations=15 (full 3):
 PSYoungGen      total 1166336K, used 0K [0x000000076af80000, 0x00000007c0000000, 0x00000007c0000000)
  eden space 1094144K, 0% used [0x000000076af80000,0x000000076af80000,0x00000007adc00000)
  from space 72192K, 0% used [0x00000007b2300000,0x00000007b2300000,0x00000007b6980000)
  to   space 72704K, 0% used [0x00000007adc00000,0x00000007adc00000,0x00000007b2300000)
 ParOldGen       total 226816K, used 105168K [0x00000006c0e00000, 0x00000006ceb80000, 0x000000076af80000)
  object space 226816K, 46% used [0x00000006c0e00000,0x00000006c74b43b0,0x00000006ceb80000)
 Metaspace       used 34957K, capacity 35179K, committed 35496K, reserved 1081344K
  class space    used 4378K, capacity 4473K, committed 4528K, reserved 1048576K
}

